2019-08-21 02:24:13,778 INFO o.s.b.StartupInfoLogger [main] Starting SocietyManagementApplication on Bhandari-PC with PID 10744 (C:\Users\pankaj\Documents\workspace-sts-3.9.7.RELEASE\SocietyManagement\target\classes started by pankaj in C:\Users\pankaj\Documents\workspace-sts-3.9.7.RELEASE\SocietyManagement)
2019-08-21 02:24:13,789 INFO o.s.b.SpringApplication [main] No active profile set, falling back to default profiles: default
2019-08-21 02:24:15,167 INFO o.s.d.r.c.RepositoryConfigurationDelegate [main] Bootstrapping Spring Data repositories in DEFAULT mode.
2019-08-21 02:24:15,268 INFO o.s.d.r.c.RepositoryConfigurationDelegate [main] Finished Spring Data repository scanning in 89ms. Found 1 repository interfaces.
2019-08-21 02:24:15,836 INFO o.s.c.s.PostProcessorRegistrationDelegate$BeanPostProcessorChecker [main] Bean 'org.springframework.transaction.annotation.ProxyTransactionManagementConfiguration' of type [org.springframework.transaction.annotation.ProxyTransactionManagementConfiguration$$EnhancerBySpringCGLIB$$96e18f08] is not eligible for getting processed by all BeanPostProcessors (for example: not eligible for auto-proxying)
2019-08-21 02:24:16,493 INFO o.s.b.w.e.t.TomcatWebServer [main] Tomcat initialized with port(s): 9080 (http)
2019-08-21 02:24:16,510 INFO o.a.j.l.DirectJDKLog [main] Initializing ProtocolHandler ["http-nio-9080"]
2019-08-21 02:24:16,526 INFO o.a.j.l.DirectJDKLog [main] Starting service [Tomcat]
2019-08-21 02:24:16,527 INFO o.a.j.l.DirectJDKLog [main] Starting Servlet Engine: Pivotal tc Runtime 9.0.13.B.RELEASE
2019-08-21 02:24:16,892 INFO o.a.j.l.DirectJDKLog [main] At least one JAR was scanned for TLDs yet contained no TLDs. Enable debug logging for this logger for a complete list of JARs that were scanned but no TLDs were found in them. Skipping unneeded JARs during scanning can improve startup time and JSP compilation time.
2019-08-21 02:24:16,897 INFO o.a.j.l.DirectJDKLog [main] Initializing Spring embedded WebApplicationContext
2019-08-21 02:24:16,897 INFO o.s.b.w.s.c.ServletWebServerApplicationContext [main] Root WebApplicationContext: initialization completed in 2984 ms
2019-08-21 02:24:17,764 INFO c.z.h.HikariDataSource [main] system - Starting...
2019-08-21 02:24:17,949 INFO c.z.h.HikariDataSource [main] system - Start completed.
2019-08-21 02:24:18,024 INFO o.h.j.i.u.LogHelper [main] HHH000204: Processing PersistenceUnitInfo [
	name: default
	...]
2019-08-21 02:24:18,205 INFO o.h.Version [main] HHH000412: Hibernate Core {5.3.9.Final}
2019-08-21 02:24:18,208 INFO o.h.c.Environment [main] HHH000206: hibernate.properties not found
2019-08-21 02:24:18,477 INFO o.h.a.c.r.j.JavaReflectionManager [main] HCANN000001: Hibernate Commons Annotations {5.0.4.Final}
2019-08-21 02:24:18,696 INFO o.h.d.Dialect [main] HHH000400: Using dialect: org.hibernate.dialect.Oracle10gDialect
2019-08-21 02:24:19,788 INFO o.s.o.j.AbstractEntityManagerFactoryBean [main] Initialized JPA EntityManagerFactory for persistence unit 'default'
2019-08-21 02:24:20,142 INFO o.h.h.i.QueryTranslatorFactoryInitiator [main] HHH000397: Using ASTQueryTranslatorFactory
2019-08-21 02:24:20,641 INFO o.s.s.c.ExecutorConfigurationSupport [main] Initializing ExecutorService 'applicationTaskExecutor'
2019-08-21 02:24:20,695 WARN o.s.b.a.o.j.JpaBaseConfiguration$JpaWebConfiguration$JpaWebMvcConfiguration [main] spring.jpa.open-in-view is enabled by default. Therefore, database queries may be performed during view rendering. Explicitly configure spring.jpa.open-in-view to disable this warning
2019-08-21 02:24:20,803 INFO o.s.b.a.w.s.WelcomePageHandlerMapping [main] Adding welcome page template: index
2019-08-21 02:24:21,469 INFO o.s.b.a.e.w.EndpointLinksResolver [main] Exposing 2 endpoint(s) beneath base path '/actuator'
2019-08-21 02:24:21,545 INFO o.a.j.l.DirectJDKLog [main] Starting ProtocolHandler ["http-nio-9080"]
2019-08-21 02:24:21,561 INFO o.a.j.l.DirectJDKLog [main] Using a shared selector for servlet write/read
2019-08-21 02:24:21,592 INFO o.s.b.w.e.t.TomcatWebServer [main] Tomcat started on port(s): 9080 (http) with context path ''
2019-08-21 02:24:21,595 INFO o.s.b.StartupInfoLogger [main] Started SocietyManagementApplication in 8.535 seconds (JVM running for 10.595)
2019-08-21 02:24:27,569 INFO o.a.j.l.DirectJDKLog [http-nio-9080-exec-1] Initializing Spring DispatcherServlet 'dispatcherServlet'
2019-08-21 02:24:27,570 INFO o.s.w.s.FrameworkServlet [http-nio-9080-exec-1] Initializing Servlet 'dispatcherServlet'
2019-08-21 02:24:27,586 INFO o.s.w.s.FrameworkServlet [http-nio-9080-exec-1] Completed initialization in 16 ms
2019-08-21 02:24:27,647 INFO c.g.g.i.c.IndexPage [http-nio-9080-exec-1] inside get index page
2019-08-21 02:24:27,647 INFO c.g.g.i.c.IndexPage [http-nio-9080-exec-1] *********************Opening Landing Page****************
2019-08-21 02:24:35,694 INFO c.g.g.l.c.LoginContoller [http-nio-9080-exec-5] inside addUser method :: prakash
2019-08-21 02:24:35,700 INFO c.g.g.l.d.LoginDao [http-nio-9080-exec-5] inside addUser
2019-08-21 02:24:35,785 INFO c.g.g.l.c.LoginContoller [http-nio-9080-exec-5] login pk generated is: 1
2019-08-21 02:28:39,682 INFO o.s.b.a.SpringApplicationAdminMXBeanRegistrar$SpringApplicationAdmin [RMI TCP Connection(2)-127.0.0.1] Application shutdown requested.
2019-08-21 02:28:39,687 INFO o.s.s.c.ExecutorConfigurationSupport [RMI TCP Connection(2)-127.0.0.1] Shutting down ExecutorService 'applicationTaskExecutor'
2019-08-21 02:28:39,689 INFO o.s.o.j.AbstractEntityManagerFactoryBean [RMI TCP Connection(2)-127.0.0.1] Closing JPA EntityManagerFactory for persistence unit 'default'
2019-08-21 02:28:39,693 INFO c.z.h.HikariDataSource [RMI TCP Connection(2)-127.0.0.1] system - Shutdown initiated...
2019-08-21 02:28:39,715 INFO c.z.h.HikariDataSource [RMI TCP Connection(2)-127.0.0.1] system - Shutdown completed.
